TN:
SF:server/config.js
FNF:0
FNH:0
DA:4,3
DA:5,3
DA:6,3
DA:7,3
LF:4
LH:4
BRDA:10,0,0,3
BRDA:10,0,1,3
BRF:2
BRH:2
end_of_record
TN:
SF:server/controller.js
FN:4,(anonymous_0)
FN:8,(anonymous_1)
FNF:2
FNH:2
FNDA:2,(anonymous_0)
FNDA:1,(anonymous_1)
DA:5,2
DA:9,1
LF:2
LH:2
BRF:0
BRH:0
end_of_record
TN:
SF:server/routes.js
FN:16,routes
FN:60,handleError
FN:72,handler
FN:74,(anonymous_3)
FNF:4
FNH:4
FNDA:8,routes
FNDA:2,handleError
FNDA:8,handler
FNDA:2,(anonymous_3)
DA:12,1
DA:14,1
DA:17,8
DA:18,8
DA:19,8
DA:21,8
DA:22,1
DA:26,1
DA:29,7
DA:30,1
DA:32,1
DA:35,6
DA:36,1
DA:38,1
DA:41,5
DA:45,4
DA:47,2
DA:48,2
DA:49,1
DA:53,2
DA:56,1
DA:57,1
DA:61,2
DA:62,1
DA:63,1
DA:64,1
DA:67,1
DA:68,1
DA:69,1
DA:73,8
DA:74,2
LF:31
LH:31
BRDA:21,0,0,1
BRDA:21,0,1,7
BRDA:21,1,0,8
BRDA:21,1,1,7
BRDA:29,2,0,1
BRDA:29,2,1,6
BRDA:29,3,0,7
BRDA:29,3,1,6
BRDA:35,4,0,1
BRDA:35,4,1,5
BRDA:35,5,0,6
BRDA:35,5,1,5
BRDA:41,6,0,4
BRDA:41,6,1,1
BRDA:48,7,0,1
BRDA:48,7,1,1
BRDA:61,8,0,1
BRDA:61,8,1,1
BRF:18
BRH:18
end_of_record
TN:
SF:server/service.js
FN:9,(anonymous_0)
FN:13,(anonymous_1)
FN:25,(anonymous_2)
FNF:3
FNH:3
FNDA:1,(anonymous_0)
FNDA:1,(anonymous_1)
FNDA:1,(anonymous_2)
DA:6,3
DA:10,1
DA:14,1
DA:16,1
DA:17,1
DA:19,1
DA:26,1
DA:27,1
LF:8
LH:8
BRF:0
BRH:0
end_of_record
TN:
SF:server/utils.js
FNF:0
FNH:0
DA:3,1
LF:1
LH:1
BRF:0
BRH:0
end_of_record
TN:
SF:tests/unit/_util/testUtil.js
FN:5,(anonymous_0)
FN:7,(anonymous_1)
FN:15,(anonymous_2)
FN:17,(anonymous_3)
FN:23,(anonymous_4)
FN:25,(anonymous_5)
FN:40,(anonymous_6)
FNF:7
FNH:4
FNDA:15,(anonymous_0)
FNDA:0,(anonymous_1)
FNDA:8,(anonymous_2)
FNDA:0,(anonymous_3)
FNDA:8,(anonymous_4)
FNDA:0,(anonymous_5)
FNDA:8,(anonymous_6)
DA:6,15
DA:8,0
DA:9,0
DA:11,0
DA:16,8
DA:18,0
DA:19,0
DA:24,8
DA:25,8
DA:26,8
DA:39,8
DA:40,8
LF:12
LH:7
BRF:0
BRH:0
end_of_record
